android/app/build/outputs/mapping/release/seeds.txt
androidx.vectordrawable.graphics.drawable.VectorDrawableCompat$VPath
com.facebook.react.bridge.queue.MessageQueueThread: com.facebook.react.bridge.queue.MessageQueueThreadPerfStats getPerfStats()
okhttp3.internal.huc.OkHttpsURLConnection: long getHeaderFieldDate(java.lang.String,long)
org.jitsi.meet.sdk.R$raw: int lang_languagesfr
com.horcrux.svg.R$attr: int titleTextStyle
org.webrtc.VideoCodecInfo: java.util.Map params
okio.HashingSource: HashingSource(okio.Source,java.lang.String)
org.jitsi.meet.sdk.R$style: int SpinnerTimePickerDialog
okhttp3.CacheControl$Builder: okhttp3.CacheControl$Builder noStore()
com.facebook.react.bridge.queue.MessageQueueThreadImpl: java.lang.String mAssertionErrorMessage
com.horcrux.svg.R$id: int tag_transition_group
org.jitsi.meet.R$style: int Base_Widget_AppCompat_SearchView_ActionBar
com.facebook.react.modules.core.ExceptionsManagerModule: void reportSoftException(java.lang.String,com.facebook.react.bridge.ReadableArray,int)
com.facebook.react.bridge.ReadableArray: java.lang.String getString(int)
androidx.appcompat.R$style: int RtlOverlay_Widget_AppCompat_Search_DropDown_Icon1
okhttp3.HttpUrl: okhttp3.HttpUrl get(java.net.URL)
com.facebook.react.R$string: int abc_capital_off
okio.BufferedSource: long indexOf(okio.ByteString,long)
org.webrtc.FramerateBitrateAdjuster: int INITIAL_FPS
org.jitsi.meet.R$style: int Theme_AppCompat_DayNight_Dialog_Alert
org.jitsi.meet.sdk.R$styleable: int AppCompatTheme_colorControlNormal
org.webrtc.MediaStream: boolean addPreservedTrack(org.webrtc.VideoTrack)
org.jitsi.meet.sdk.R$styleable: int AppCompatTheme_textAppearanceListItemSmall
org.jitsi.meet.R$color: int switch_thumb_disabled_material_dark
org.webrtc.MediaCodecVideoDecoderFactory: org.webrtc.VideoDecoder createDecoder(org.webrtc.VideoCodecInfo)
org.jitsi.meet.sdk.R$raw: int lang_maines
com.horcrux.svg.R$drawable: int abc_text_select_handle_right_mtrl_dark
com.facebook.react.modules.dialog.DialogModule: java.lang.String NAME
com.horcrux.svg.R$style: int Widget_AppCompat_Light_ActionButton_CloseMode
com.horcrux.svg.SvgViewManager: void setMeetOrSlice(com.horcrux.svg.SvgView,int)
org.jitsi.meet.R$drawable: int abc_list_selector_background_transition_holo_light
okio.Okio: okio.BufferedSink buffer(okio.Sink)
org.jitsi.meet.R$styleable: int MenuItem_android_titleCondensed
org.jitsi.meet.R$id: int none
okhttp3.internal.cache.DiskLruCache$Editor: boolean[] written
org.webrtc.voiceengine.WebRtcAudioManager: boolean getStereoInput()
org.webrtc.JavaI420Buffer: int getStrideV()
org.webrtc.SoftwareVideoEncoderFactory: org.webrtc.VideoEncoder createEncoder(org.webrtc.VideoCodecInfo)
kotlin.NoWhenBranchMatchedException
com.facebook.react.devsupport.DevSupportManagerImpl$21
org.webrtc.RendererCommon$VideoLayoutMeasure: float visibleFractionMismatchOrientation
org.jitsi.meet.sdk.R$attr: int listMenuViewStyle
okhttp3.CertificatePinner$Builder: okhttp3.CertificatePinner$Builder add(java.lang.String,java.lang.String[])
androidx.fragment.R$styleable: int FontFamilyFont_android_fontWeight
org.jitsi.meet.R$string: int progressbar_description
com.horcrux.svg.R$attr: int listPopupWindowStyle
org.jitsi.meet.sdk.R$attr: int paddingStart
okhttp3.internal.huc.OkHttpURLConnection: okhttp3.Headers getHeaders()
com.facebook.react.views.scroll.ReactScrollViewManager: com.facebook.react.views.scroll.ReactScrollView createViewInstance(com.facebook.react.uimanager.ThemedReactContext)
com.facebook.react.modules.permissions.PermissionsModule: int mRequestCode
org.jitsi.meet.sdk.R$attr: int roundBottomRight
org.jitsi.meet.sdk.R$style: int Platform_V21_AppCompat
com.horcrux.svg.R$attr: int customNavigationLayout
org.devio.rn.splashscreen.R$style: int Widget_AppCompat_ListMenuView
org.jitsi.meet.sdk.R$raw: int lang_mainit
org.webrtc.SurfaceViewRenderer: void init(org.webrtc.EglBase$Context,org.webrtc.RendererCommon$RendererEvents,int[],org.webrtc.RendererCommon$GlDrawer)
com.ocetnik.timer.BackgroundTimerModule: void setTimeout(int,double)