android/app/build/outputs/mapping/release/usage.txt
dagger.internal.DelegateFactory
com.dropbox.core.v2.teamlog.SharedLinkCopyType$Serializer
com.dropbox.core.v2.sharing.ShareFolderArgBase
com.dropbox.core.v2.teamlog.FileRequestsEmailsEnabledDetails$Serializer
com.dropbox.core.v2.sharing.RelinquishFolderMembershipArg
com.dropbox.core.v2.teamlog.AccountCaptureRelinquishAccountDetails$Serializer
com.dropbox.core.v2.sharing.RelinquishFolderMembershipArg$Serializer
com.dropbox.core.android.FixedSecureRandom$LinuxPrngSecureRandomProvider:
    private static final long serialVersionUID
com.google.firebase.crashlytics.R$color
kotlin.io.FilePathComponents
androidx.appcompat.app.AppCompatDelegateImpl$ConfigurationImplApi26:
    private void <init>()
kotlin.text.Regex$findAll$1
com.dropbox.core.v2.teamlog.SfFbInviteDetails$Serializer
com.dropbox.core.v2.teampolicies.PaperEnabledPolicy$Serializer
com.dropbox.core.v2.fileproperties.LogicalOperator
kotlin.contracts.Returns
com.dropbox.core.v2.teamlog.TeamProfileAddLogoDetails
com.dropbox.core.v2.filerequests.CreateBuilder
kotlin.jvm.JvmDefault
com.google.android.gms.common.api.internal.zag
com.dropbox.core.v2.files.UploadSessionFinishErrorException:
    public void <init>(java.lang.String,java.lang.String,com.dropbox.core.LocalizedText,com.dropbox.core.v2.files.UploadSessionFinishError)
    public final com.dropbox.core.v2.files.UploadSessionFinishError errorValue
    private static final long serialVersionUID
androidx.appcompat.widget.AbsActionBarView:
    void <init>(android.content.Context)
    public void animateToVisibility(int)
    public boolean showOverflowMenu()
    public void postShowOverflowMenu()
    public boolean hideOverflowMenu()
    public boolean isOverflowMenuShowing()
    public boolean isOverflowMenuShowPending()
    public boolean isOverflowReserved()
    public boolean canShowOverflowMenu()
    public void dismissPopupMenus()
    private static final int FADE_DURATION
androidx.drawerlayout.R$style
com.dropbox.core.v2.files.GetMetadataBuilder
com.google.firebase.FirebaseException:
    public void <init>(java.lang.String,java.lang.Throwable)
com.dropbox.core.v2.paper.PaperDocCreateError
com.dropbox.core.v2.files.SaveUrlError$Tag
androidx.core.view.LayoutInflaterCompat:
    private void <init>()
    public static void setFactory(android.view.LayoutInflater,androidx.core.view.LayoutInflaterFactory)
    public static androidx.core.view.LayoutInflaterFactory getFactory(android.view.LayoutInflater)
    private static final java.lang.String TAG
com.google.android.gms.common.api.internal.zax:
    public final com.google.android.gms.common.ConnectionResult blockingConnect(long,java.util.concurrent.TimeUnit)
com.google.firebase.crashlytics.internal.common.MetaDataStore$1
androidx.core.view.MotionEventCompat
com.dropbox.core.v2.teamlog.DeviceApprovalsChangeDesktopPolicyDetails$Builder
com.dropbox.core.v2.files.WriteMode$Serializer
com.dropbox.core.v2.filerequests.UpdateFileRequestErrorException:
    public void <init>(java.lang.String,java.lang.String,com.dropbox.core.LocalizedText,com.dropbox.core.v2.filerequests.UpdateFileRequestError)
    public final com.dropbox.core.v2.filerequests.UpdateFileRequestError errorValue
    private static final long serialVersionUID
androidx.vectordrawable.animated.R$id
com.dropbox.core.v2.teamlog.FileCommentNotificationPolicy$Serializer
androidx.customview.R$dimen
androidx.core.content.ContextCompat$LegacyServiceMapHolder
com.google.android.gms.ads_identifier.R
com.facebook.react.uimanager.events.TouchEvent:
    private static final int TOUCH_EVENTS_POOL_SIZE
    public static final long UNSET
com.dropbox.core.v2.fileproperties.PropertyGroupTemplate$Serializer
androidx.drawerlayout.R$attr
com.dropbox.core.v2.sharing.ListSharedLinksError